<?xml version="1.0" encoding="UTF-8"?>
<!-- Generated by org.testng.reporters.JUnitXMLReporter -->
<testsuite ignored="0" hostname="DESKTOP-BKASB7R" failures="0" tests="4" name="Default test" time="42.859" errors="0" timestamp="2022-10-14T12:20:24 IST">
  <testcase classname="usingJxlLibrary.DataprovidesusingJXL" name="logintest" time="10.63"/>
  <testcase classname="usingJxlLibrary.DataprovidesusingJXL" name="logintest" time="12.352"/>
  <testcase classname="usingJxlLibrary.DataprovidesusingJXL" name="logintest" time="9.072"/>
  <testcase classname="usingJxlLibrary.DataprovidesusingJXL" name="logintest" time="10.372"/>
</testsuite> <!-- Default test -->
