<?xml version="1.0" encoding="UTF-8"?>
<testng-results ignored="0" total="4" passed="4" failed="0" skipped="0">
  <reporter-output>
  </reporter-output>
  <suite started-at="2022-10-14T12:19:41 IST" name="Default suite" finished-at="2022-10-14T12:20:24 IST" duration-ms="42859">
    <groups>
    </groups>
    <test started-at="2022-10-14T12:19:41 IST" name="Default test" finished-at="2022-10-14T12:20:24 IST" duration-ms="42859">
      <class name="usingJxlLibrary.DataprovidesusingJXL">
        <test-method signature="logintest(java.lang.String,java.lang.String)[pri:0, instance:usingJxlLibrary.DataprovidesusingJXL@1e802ef9]" started-at="2022-10-14T12:19:42 IST" name="logintest" data-provider="loginData" finished-at="2022-10-14T12:19:52 IST" duration-ms="10630" status="PASS">
          <params>
            <param index="0">
              <value>
                <![CDATA[dinesh.m1@zenitus.com]]>
              </value>
            </param>
            <param index="1">
              <value>
                <![CDATA[SMdinesh@0808]]>
              </value>
            </param>
          </params>
          <reporter-output>
          </reporter-output>
        </test-method> <!-- logintest -->
        <test-method signature="logintest(java.lang.String,java.lang.String)[pri:0, instance:usingJxlLibrary.DataprovidesusingJXL@1e802ef9]" started-at="2022-10-14T12:19:52 IST" name="logintest" data-provider="loginData" finished-at="2022-10-14T12:20:05 IST" duration-ms="12352" status="PASS">
          <params>
            <param index="0">
              <value>
                <![CDATA[dinesh.m@zenitus.com]]>
              </value>
            </param>
            <param index="1">
              <value>
                <![CDATA[SMdinesh@08081]]>
              </value>
            </param>
          </params>
          <reporter-output>
          </reporter-output>
        </test-method> <!-- logintest -->
        <test-method signature="logintest(java.lang.String,java.lang.String)[pri:0, instance:usingJxlLibrary.DataprovidesusingJXL@1e802ef9]" started-at="2022-10-14T12:20:05 IST" name="logintest" data-provider="loginData" finished-at="2022-10-14T12:20:14 IST" duration-ms="9072" status="PASS">
          <params>
            <param index="0">
              <value>
                <![CDATA[dinesh.m1@zenitus.com]]>
              </value>
            </param>
            <param index="1">
              <value>
                <![CDATA[SMdinesh@08081]]>
              </value>
            </param>
          </params>
          <reporter-output>
          </reporter-output>
        </test-method> <!-- logintest -->
        <test-method signature="logintest(java.lang.String,java.lang.String)[pri:0, instance:usingJxlLibrary.DataprovidesusingJXL@1e802ef9]" started-at="2022-10-14T12:20:14 IST" name="logintest" data-provider="loginData" finished-at="2022-10-14T12:20:24 IST" duration-ms="10372" status="PASS">
          <params>
            <param index="0">
              <value>
                <![CDATA[dinesh.m@zenitus.com]]>
              </value>
            </param>
            <param index="1">
              <value>
                <![CDATA[SMdinesh@0808]]>
              </value>
            </param>
          </params>
          <reporter-output>
          </reporter-output>
        </test-method> <!-- logintest -->
      </class> <!-- usingJxlLibrary.DataprovidesusingJXL -->
    </test> <!-- Default test -->
  </suite> <!-- Default suite -->
</testng-results>
