<?xml version="1.0" encoding="UTF-8"?>
<!-- Generated by org.testng.reporters.JUnitXMLReporter -->
<testsuite ignored="0" hostname="DESKTOP-BKASB7R" failures="0" tests="4" name="Login using Data Providers" time="53.706" errors="0" timestamp="2022-10-12T15:30:36 IST">
  <testcase classname="usingDataProviders.LoginUsingDataProviders" name="logintest" time="12.843"/>
  <testcase classname="usingDataProviders.LoginUsingDataProviders" name="logintest" time="11.113"/>
  <testcase classname="usingDataProviders.LoginUsingDataProviders" name="logintest" time="18.255"/>
  <testcase classname="usingDataProviders.LoginUsingDataProviders" name="logintest" time="11.405"/>
</testsuite> <!-- Login using Data Providers -->
