<?xml version="1.0" encoding="UTF-8"?>
<!-- Generated by org.testng.reporters.JUnitXMLReporter -->
<testsuite ignored="0" hostname="DESKTOP-BKASB7R" failures="0" tests="4" name="Login Test Cases" time="43.873" errors="0" timestamp="2022-10-12T12:15:00 IST">
  <testcase classname="loginFunctionality.bothCorrect" name="bothcorrectcase" time="11.205"/>
  <testcase classname="loginFunctionality.bothIncorrect" name="bothincorrectcase" time="8.387"/>
  <testcase classname="loginFunctionality.correctEmail" name="correctemailcase" time="14.1"/>
  <testcase classname="loginFunctionality.correctPassword" name="correctpasswordcase" time="10.098"/>
</testsuite> <!-- Login Test Cases -->
